<?xml version="1.0" encoding="UTF-8"?>
<!-- Generated by org.testng.reporters.JUnitXMLReporter -->
<testsuite ignored="20" hostname="LAPTOP-SLU0D7IV" failures="0" tests="11" name="Test" time="142.751" errors="0" timestamp="2021-06-30T13:28:35 IST">
  <testcase classname="pages.logintestcase" name="login" time="5.748"/>
  <testcase classname="pages.Admintestcase" name="Admin" time="3.568"/>
  <testcase classname="pages.Usertestcase" name="Login" time="7.653"/>
  <testcase classname="pages.Jobtitletestcase" name="Login" time="14.935"/>
  <testcase classname="pages.Paygradetestcase" name="Login" time="9.092"/>
  <testcase classname="pages.Employmentstatustestcase" name="Login" time="8.029"/>
  <testcase classname="pages.Jobcategoriestestcase" name="Login" time="7.08"/>
  <testcase classname="pages.Workshifttestcase" name="Login" time="7.744"/>
  <testcase classname="pages.Organisation_locationtestcase" name="Login" time="19.16"/>
  <testcase classname="pages.structuretestcase" name="Login" time="29.47"/>
  <testcase classname="pages.Qualificationtestcase" name="Login" time="17.136"/>
  <testcase classname="pages.BrowserFactory" name="@BeforeTest setup" time="0.0">
    <ignored/>
  </testcase> <!-- @BeforeTest setup -->
  <testcase classname="pages.BrowserFactory" name="@BeforeTest setup" time="0.0">
    <ignored/>
  </testcase> <!-- @BeforeTest setup -->
  <testcase classname="pages.BrowserFactory" name="@BeforeTest setup" time="0.0">
    <ignored/>
  </testcase> <!-- @BeforeTest setup -->
  <testcase classname="pages.BrowserFactory" name="@BeforeTest setup" time="0.0">
    <ignored/>
  </testcase> <!-- @BeforeTest setup -->
  <testcase classname="pages.BrowserFactory" name="@BeforeTest setup" time="0.0">
    <ignored/>
  </testcase> <!-- @BeforeTest setup -->
  <testcase classname="pages.BrowserFactory" name="@BeforeTest setup" time="0.0">
    <ignored/>
  </testcase> <!-- @BeforeTest setup -->
  <testcase classname="pages.BrowserFactory" name="@BeforeTest setup" time="0.0">
    <ignored/>
  </testcase> <!-- @BeforeTest setup -->
  <testcase classname="pages.BrowserFactory" name="@BeforeTest setup" time="0.0">
    <ignored/>
  </testcase> <!-- @BeforeTest setup -->
  <testcase classname="pages.BrowserFactory" name="@BeforeTest setup" time="0.0">
    <ignored/>
  </testcase> <!-- @BeforeTest setup -->
  <testcase classname="pages.BrowserFactory" name="@BeforeTest setup" time="0.0">
    <ignored/>
  </testcase> <!-- @BeforeTest setup -->
  <testcase classname="Report.ExtentTestNGReportBuilder" name="@BeforeSuite beforeSuite" time="0.0">
    <ignored/>
  </testcase> <!-- @BeforeSuite beforeSuite -->
  <testcase classname="Report.ExtentTestNGReportBuilder" name="@BeforeSuite beforeSuite" time="0.0">
    <ignored/>
  </testcase> <!-- @BeforeSuite beforeSuite -->
  <testcase classname="Report.ExtentTestNGReportBuilder" name="@BeforeSuite beforeSuite" time="0.0">
    <ignored/>
  </testcase> <!-- @BeforeSuite beforeSuite -->
  <testcase classname="Report.ExtentTestNGReportBuilder" name="@BeforeSuite beforeSuite" time="0.0">
    <ignored/>
  </testcase> <!-- @BeforeSuite beforeSuite -->
  <testcase classname="Report.ExtentTestNGReportBuilder" name="@BeforeSuite beforeSuite" time="0.0">
    <ignored/>
  </testcase> <!-- @BeforeSuite beforeSuite -->
  <testcase classname="Report.ExtentTestNGReportBuilder" name="@BeforeSuite beforeSuite" time="0.0">
    <ignored/>
  </testcase> <!-- @BeforeSuite beforeSuite -->
  <testcase classname="Report.ExtentTestNGReportBuilder" name="@BeforeSuite beforeSuite" time="0.0">
    <ignored/>
  </testcase> <!-- @BeforeSuite beforeSuite -->
  <testcase classname="Report.ExtentTestNGReportBuilder" name="@BeforeSuite beforeSuite" time="0.0">
    <ignored/>
  </testcase> <!-- @BeforeSuite beforeSuite -->
  <testcase classname="Report.ExtentTestNGReportBuilder" name="@BeforeSuite beforeSuite" time="0.0">
    <ignored/>
  </testcase> <!-- @BeforeSuite beforeSuite -->
  <testcase classname="Report.ExtentTestNGReportBuilder" name="@BeforeSuite beforeSuite" time="0.0">
    <ignored/>
  </testcase> <!-- @BeforeSuite beforeSuite -->
</testsuite> <!-- Test -->
