<?xml version="1.0" encoding="UTF-8"?>
<testng-results ignored="20" total="31" passed="11" failed="0" skipped="0">
  <reporter-output>
  </reporter-output>
  <suite started-at="2021-06-30T13:26:12 IST" name="Suite" finished-at="2021-06-30T13:28:35 IST" duration-ms="142751">
    <groups>
    </groups>
    <test started-at="2021-06-30T13:26:12 IST" name="Test" finished-at="2021-06-30T13:28:35 IST" duration-ms="142751">
      <class name="pages.Jobcategoriestestcase">
        <test-method is-config="true" signature="beforeMethod(java.lang.reflect.Method)[pri:0, instance:pages.Jobcategoriestestcase@29215f06]" started-at="2021-06-30T13:27:13 IST" name="beforeMethod" finished-at="2021-06-30T13:27:13 IST" duration-ms="0" status="PASS">
          <params>
            <param index="0">
              <value>
                <![CDATA[public static void pages.Jobcategoriestestcase.Login() throws java.lang.InterruptedException]]>
              </value>
            </param>
          </params>
          <reporter-output>
          </reporter-output>
        </test-method> <!-- beforeMethod -->
        <test-method signature="Login()[pri:0, instance:pages.Jobcategoriestestcase@29215f06]" started-at="2021-06-30T13:27:13 IST" name="Login" finished-at="2021-06-30T13:27:20 IST" duration-ms="7080" status="PASS">
          <reporter-output>
          </reporter-output>
        </test-method> <!-- Login -->
        <test-method is-config="true" signature="beforeClass()[pri:0, instance:pages.Jobcategoriestestcase@29215f06]" started-at="2021-06-30T13:27:13 IST" name="beforeClass" finished-at="2021-06-30T13:27:13 IST" duration-ms="0" status="PASS">
          <reporter-output>
          </reporter-output>
        </test-method> <!-- beforeClass -->
        <test-method is-config="true" signature="afterMethod(org.testng.ITestResult)[pri:0, instance:pages.Jobcategoriestestcase@29215f06]" started-at="2021-06-30T13:27:20 IST" name="afterMethod" finished-at="2021-06-30T13:27:20 IST" duration-ms="200" status="PASS">
          <params>
            <param index="0">
              <value>
                <![CDATA[[TestResult name=Login status=SUCCESS method=Jobcategoriestestcase.Login()[pri:0, instance:pages.Jobcategoriestestcase@29215f06] output={null}]]]>
              </value>
            </param>
          </params>
          <reporter-output>
          </reporter-output>
        </test-method> <!-- afterMethod -->
      </class> <!-- pages.Jobcategoriestestcase -->
      <class name="pages.Usertestcase">
        <test-method signature="Login()[pri:0, instance:pages.Usertestcase@4c1909a3]" started-at="2021-06-30T13:26:33 IST" name="Login" finished-at="2021-06-30T13:26:40 IST" duration-ms="7653" status="PASS">
          <reporter-output>
          </reporter-output>
        </test-method> <!-- Login -->
        <test-method is-config="true" signature="beforeClass()[pri:0, instance:pages.Usertestcase@4c1909a3]" started-at="2021-06-30T13:26:33 IST" name="beforeClass" finished-at="2021-06-30T13:26:33 IST" duration-ms="0" status="PASS">
          <reporter-output>
          </reporter-output>
        </test-method> <!-- beforeClass -->
        <test-method is-config="true" signature="beforeMethod(java.lang.reflect.Method)[pri:0, instance:pages.Usertestcase@4c1909a3]" started-at="2021-06-30T13:26:33 IST" name="beforeMethod" finished-at="2021-06-30T13:26:33 IST" duration-ms="0" status="PASS">
          <params>
            <param index="0">
              <value>
                <![CDATA[public static void pages.Usertestcase.Login() throws java.lang.InterruptedException]]>
              </value>
            </param>
          </params>
          <reporter-output>
          </reporter-output>
        </test-method> <!-- beforeMethod -->
        <test-method is-config="true" signature="afterMethod(org.testng.ITestResult)[pri:0, instance:pages.Usertestcase@4c1909a3]" started-at="2021-06-30T13:26:40 IST" name="afterMethod" finished-at="2021-06-30T13:26:41 IST" duration-ms="212" status="PASS">
          <params>
            <param index="0">
              <value>
                <![CDATA[[TestResult name=Login status=SUCCESS method=Usertestcase.Login()[pri:0, instance:pages.Usertestcase@4c1909a3] output={null}]]]>
              </value>
            </param>
          </params>
          <reporter-output>
          </reporter-output>
        </test-method> <!-- afterMethod -->
      </class> <!-- pages.Usertestcase -->
      <class name="pages.Workshifttestcase">
        <test-method is-config="true" signature="beforeClass()[pri:0, instance:pages.Workshifttestcase@6bd61f98]" started-at="2021-06-30T13:27:20 IST" name="beforeClass" finished-at="2021-06-30T13:27:20 IST" duration-ms="0" status="PASS">
          <reporter-output>
          </reporter-output>
        </test-method> <!-- beforeClass -->
        <test-method is-config="true" signature="beforeMethod(java.lang.reflect.Method)[pri:0, instance:pages.Workshifttestcase@6bd61f98]" started-at="2021-06-30T13:27:20 IST" name="beforeMethod" finished-at="2021-06-30T13:27:20 IST" duration-ms="0" status="PASS">
          <params>
            <param index="0">
              <value>
                <![CDATA[public static void pages.Workshifttestcase.Login() throws java.lang.InterruptedException]]>
              </value>
            </param>
          </params>
          <reporter-output>
          </reporter-output>
        </test-method> <!-- beforeMethod -->
        <test-method signature="Login()[pri:0, instance:pages.Workshifttestcase@6bd61f98]" started-at="2021-06-30T13:27:20 IST" name="Login" finished-at="2021-06-30T13:27:28 IST" duration-ms="7744" status="PASS">
          <reporter-output>
          </reporter-output>
        </test-method> <!-- Login -->
        <test-method is-config="true" signature="afterMethod(org.testng.ITestResult)[pri:0, instance:pages.Workshifttestcase@6bd61f98]" started-at="2021-06-30T13:27:28 IST" name="afterMethod" finished-at="2021-06-30T13:27:28 IST" duration-ms="205" status="PASS">
          <params>
            <param index="0">
              <value>
                <![CDATA[[TestResult name=Login status=SUCCESS method=Workshifttestcase.Login()[pri:0, instance:pages.Workshifttestcase@6bd61f98] output={null}]]]>
              </value>
            </param>
          </params>
          <reporter-output>
          </reporter-output>
        </test-method> <!-- afterMethod -->
      </class> <!-- pages.Workshifttestcase -->
      <class name="pages.logintestcase">
        <test-method is-config="true" signature="beforeSuite()[pri:0, instance:pages.logintestcase@26e356f0]" started-at="2021-06-30T13:26:12 IST" name="beforeSuite" finished-at="2021-06-30T13:26:12 IST" duration-ms="99" status="PASS">
          <reporter-output>
          </reporter-output>
        </test-method> <!-- beforeSuite -->
        <test-method is-config="true" signature="setup(java.lang.String)[pri:0, instance:pages.logintestcase@26e356f0]" started-at="2021-06-30T13:26:12 IST" name="setup" finished-at="2021-06-30T13:26:22 IST" duration-ms="10093" status="PASS">
          <params>
            <param index="0">
              <value>
                <![CDATA[Chrome]]>
              </value>
            </param>
          </params>
          <reporter-output>
          </reporter-output>
        </test-method> <!-- setup -->
        <test-method is-config="true" signature="beforeClass()[pri:0, instance:pages.logintestcase@26e356f0]" started-at="2021-06-30T13:26:22 IST" name="beforeClass" finished-at="2021-06-30T13:26:22 IST" duration-ms="3" status="PASS">
          <reporter-output>
          </reporter-output>
        </test-method> <!-- beforeClass -->
        <test-method is-config="true" signature="beforeMethod(java.lang.reflect.Method)[pri:0, instance:pages.logintestcase@26e356f0]" started-at="2021-06-30T13:26:23 IST" name="beforeMethod" finished-at="2021-06-30T13:26:23 IST" duration-ms="2" status="PASS">
          <params>
            <param index="0">
              <value>
                <![CDATA[public static void pages.logintestcase.login(java.lang.String,java.lang.String)]]>
              </value>
            </param>
          </params>
          <reporter-output>
          </reporter-output>
        </test-method> <!-- beforeMethod -->
        <test-method signature="login(java.lang.String,java.lang.String)[pri:0, instance:pages.logintestcase@26e356f0]" started-at="2021-06-30T13:26:23 IST" name="login" data-provider="ref" finished-at="2021-06-30T13:26:28 IST" duration-ms="5748" status="PASS">
          <params>
            <param index="0">
              <value>
                <![CDATA[Admin]]>
              </value>
            </param>
            <param index="1">
              <value>
                <![CDATA[admin123]]>
              </value>
            </param>
          </params>
          <reporter-output>
          </reporter-output>
        </test-method> <!-- login -->
        <test-method is-config="true" signature="afterMethod(org.testng.ITestResult)[pri:0, instance:pages.logintestcase@26e356f0]" started-at="2021-06-30T13:26:28 IST" name="afterMethod" finished-at="2021-06-30T13:26:29 IST" duration-ms="469" status="PASS">
          <params>
            <param index="0">
              <value>
                <![CDATA[[TestResult name=login status=SUCCESS method=logintestcase.login(java.lang.String,java.lang.String)[pri:0, instance:pages.logintestcase@26e356f0] output={null}]]]>
              </value>
            </param>
          </params>
          <reporter-output>
          </reporter-output>
        </test-method> <!-- afterMethod -->
      </class> <!-- pages.logintestcase -->
      <class name="pages.Jobtitletestcase">
        <test-method is-config="true" signature="beforeClass()[pri:0, instance:pages.Jobtitletestcase@428640fa]" started-at="2021-06-30T13:26:41 IST" name="beforeClass" finished-at="2021-06-30T13:26:41 IST" duration-ms="0" status="PASS">
          <reporter-output>
          </reporter-output>
        </test-method> <!-- beforeClass -->
        <test-method signature="Login()[pri:0, instance:pages.Jobtitletestcase@428640fa]" started-at="2021-06-30T13:26:41 IST" name="Login" finished-at="2021-06-30T13:26:55 IST" duration-ms="14935" status="PASS">
          <reporter-output>
          </reporter-output>
        </test-method> <!-- Login -->
        <test-method is-config="true" signature="beforeMethod(java.lang.reflect.Method)[pri:0, instance:pages.Jobtitletestcase@428640fa]" started-at="2021-06-30T13:26:41 IST" name="beforeMethod" finished-at="2021-06-30T13:26:41 IST" duration-ms="0" status="PASS">
          <params>
            <param index="0">
              <value>
                <![CDATA[public static void pages.Jobtitletestcase.Login() throws java.lang.InterruptedException]]>
              </value>
            </param>
          </params>
          <reporter-output>
          </reporter-output>
        </test-method> <!-- beforeMethod -->
        <test-method is-config="true" signature="afterMethod(org.testng.ITestResult)[pri:0, instance:pages.Jobtitletestcase@428640fa]" started-at="2021-06-30T13:26:55 IST" name="afterMethod" finished-at="2021-06-30T13:26:56 IST" duration-ms="200" status="PASS">
          <params>
            <param index="0">
              <value>
                <![CDATA[[TestResult name=Login status=SUCCESS method=Jobtitletestcase.Login()[pri:0, instance:pages.Jobtitletestcase@428640fa] output={null}]]]>
              </value>
            </param>
          </params>
          <reporter-output>
          </reporter-output>
        </test-method> <!-- afterMethod -->
      </class> <!-- pages.Jobtitletestcase -->
      <class name="pages.Paygradetestcase">
        <test-method is-config="true" signature="beforeClass()[pri:0, instance:pages.Paygradetestcase@d9345cd]" started-at="2021-06-30T13:26:56 IST" name="beforeClass" finished-at="2021-06-30T13:26:56 IST" duration-ms="1" status="PASS">
          <reporter-output>
          </reporter-output>
        </test-method> <!-- beforeClass -->
        <test-method is-config="true" signature="beforeMethod(java.lang.reflect.Method)[pri:0, instance:pages.Paygradetestcase@d9345cd]" started-at="2021-06-30T13:26:56 IST" name="beforeMethod" finished-at="2021-06-30T13:26:56 IST" duration-ms="0" status="PASS">
          <params>
            <param index="0">
              <value>
                <![CDATA[public static void pages.Paygradetestcase.Login() throws java.lang.InterruptedException]]>
              </value>
            </param>
          </params>
          <reporter-output>
          </reporter-output>
        </test-method> <!-- beforeMethod -->
        <test-method signature="Login()[pri:0, instance:pages.Paygradetestcase@d9345cd]" started-at="2021-06-30T13:26:56 IST" name="Login" finished-at="2021-06-30T13:27:05 IST" duration-ms="9092" status="PASS">
          <reporter-output>
          </reporter-output>
        </test-method> <!-- Login -->
        <test-method is-config="true" signature="afterMethod(org.testng.ITestResult)[pri:0, instance:pages.Paygradetestcase@d9345cd]" started-at="2021-06-30T13:27:05 IST" name="afterMethod" finished-at="2021-06-30T13:27:05 IST" duration-ms="212" status="PASS">
          <params>
            <param index="0">
              <value>
                <![CDATA[[TestResult name=Login status=SUCCESS method=Paygradetestcase.Login()[pri:0, instance:pages.Paygradetestcase@d9345cd] output={null}]]]>
              </value>
            </param>
          </params>
          <reporter-output>
          </reporter-output>
        </test-method> <!-- afterMethod -->
      </class> <!-- pages.Paygradetestcase -->
      <class name="pages.structuretestcase">
        <test-method is-config="true" signature="beforeClass()[pri:0, instance:pages.structuretestcase@13fd2ccd]" started-at="2021-06-30T13:27:48 IST" name="beforeClass" finished-at="2021-06-30T13:27:48 IST" duration-ms="0" status="PASS">
          <reporter-output>
          </reporter-output>
        </test-method> <!-- beforeClass -->
        <test-method is-config="true" signature="beforeMethod(java.lang.reflect.Method)[pri:0, instance:pages.structuretestcase@13fd2ccd]" started-at="2021-06-30T13:27:48 IST" name="beforeMethod" finished-at="2021-06-30T13:27:48 IST" duration-ms="0" status="PASS">
          <params>
            <param index="0">
              <value>
                <![CDATA[public static void pages.structuretestcase.Login() throws java.lang.InterruptedException]]>
              </value>
            </param>
          </params>
          <reporter-output>
          </reporter-output>
        </test-method> <!-- beforeMethod -->
        <test-method signature="Login()[pri:0, instance:pages.structuretestcase@13fd2ccd]" started-at="2021-06-30T13:27:48 IST" name="Login" finished-at="2021-06-30T13:28:17 IST" duration-ms="29470" status="PASS">
          <reporter-output>
          </reporter-output>
        </test-method> <!-- Login -->
        <test-method is-config="true" signature="afterMethod(org.testng.ITestResult)[pri:0, instance:pages.structuretestcase@13fd2ccd]" started-at="2021-06-30T13:28:17 IST" name="afterMethod" finished-at="2021-06-30T13:28:18 IST" duration-ms="271" status="PASS">
          <params>
            <param index="0">
              <value>
                <![CDATA[[TestResult name=Login status=SUCCESS method=structuretestcase.Login()[pri:0, instance:pages.structuretestcase@13fd2ccd] output={null}]]]>
              </value>
            </param>
          </params>
          <reporter-output>
          </reporter-output>
        </test-method> <!-- afterMethod -->
      </class> <!-- pages.structuretestcase -->
      <class name="pages.Employmentstatustestcase">
        <test-method is-config="true" signature="beforeClass()[pri:0, instance:pages.Employmentstatustestcase@2d710f1a]" started-at="2021-06-30T13:27:05 IST" name="beforeClass" finished-at="2021-06-30T13:27:05 IST" duration-ms="0" status="PASS">
          <reporter-output>
          </reporter-output>
        </test-method> <!-- beforeClass -->
        <test-method is-config="true" signature="beforeMethod(java.lang.reflect.Method)[pri:0, instance:pages.Employmentstatustestcase@2d710f1a]" started-at="2021-06-30T13:27:05 IST" name="beforeMethod" finished-at="2021-06-30T13:27:05 IST" duration-ms="0" status="PASS">
          <params>
            <param index="0">
              <value>
                <![CDATA[public static void pages.Employmentstatustestcase.Login() throws java.lang.InterruptedException]]>
              </value>
            </param>
          </params>
          <reporter-output>
          </reporter-output>
        </test-method> <!-- beforeMethod -->
        <test-method signature="Login()[pri:0, instance:pages.Employmentstatustestcase@2d710f1a]" started-at="2021-06-30T13:27:05 IST" name="Login" finished-at="2021-06-30T13:27:13 IST" duration-ms="8029" status="PASS">
          <reporter-output>
          </reporter-output>
        </test-method> <!-- Login -->
        <test-method is-config="true" signature="afterMethod(org.testng.ITestResult)[pri:0, instance:pages.Employmentstatustestcase@2d710f1a]" started-at="2021-06-30T13:27:13 IST" name="afterMethod" finished-at="2021-06-30T13:27:13 IST" duration-ms="200" status="PASS">
          <params>
            <param index="0">
              <value>
                <![CDATA[[TestResult name=Login status=SUCCESS method=Employmentstatustestcase.Login()[pri:0, instance:pages.Employmentstatustestcase@2d710f1a] output={null}]]]>
              </value>
            </param>
          </params>
          <reporter-output>
          </reporter-output>
        </test-method> <!-- afterMethod -->
      </class> <!-- pages.Employmentstatustestcase -->
      <class name="pages.Qualificationtestcase">
        <test-method is-config="true" signature="beforeClass()[pri:0, instance:pages.Qualificationtestcase@b9b00e0]" started-at="2021-06-30T13:28:18 IST" name="beforeClass" finished-at="2021-06-30T13:28:18 IST" duration-ms="0" status="PASS">
          <reporter-output>
          </reporter-output>
        </test-method> <!-- beforeClass -->
        <test-method is-config="true" signature="beforeMethod(java.lang.reflect.Method)[pri:0, instance:pages.Qualificationtestcase@b9b00e0]" started-at="2021-06-30T13:28:18 IST" name="beforeMethod" finished-at="2021-06-30T13:28:18 IST" duration-ms="0" status="PASS">
          <params>
            <param index="0">
              <value>
                <![CDATA[public static void pages.Qualificationtestcase.Login() throws java.lang.InterruptedException]]>
              </value>
            </param>
          </params>
          <reporter-output>
          </reporter-output>
        </test-method> <!-- beforeMethod -->
        <test-method signature="Login()[pri:0, instance:pages.Qualificationtestcase@b9b00e0]" started-at="2021-06-30T13:28:18 IST" name="Login" finished-at="2021-06-30T13:28:35 IST" duration-ms="17136" status="PASS">
          <reporter-output>
          </reporter-output>
        </test-method> <!-- Login -->
        <test-method is-config="true" signature="afterMethod(org.testng.ITestResult)[pri:0, instance:pages.Qualificationtestcase@b9b00e0]" started-at="2021-06-30T13:28:35 IST" name="afterMethod" finished-at="2021-06-30T13:28:35 IST" duration-ms="198" status="PASS">
          <params>
            <param index="0">
              <value>
                <![CDATA[[TestResult name=Login status=SUCCESS method=Qualificationtestcase.Login()[pri:0, instance:pages.Qualificationtestcase@b9b00e0] output={null}]]]>
              </value>
            </param>
          </params>
          <reporter-output>
          </reporter-output>
        </test-method> <!-- afterMethod -->
      </class> <!-- pages.Qualificationtestcase -->
      <class name="pages.Admintestcase">
        <test-method is-config="true" signature="beforeClass()[pri:0, instance:pages.Admintestcase@4b0d79fc]" started-at="2021-06-30T13:26:29 IST" name="beforeClass" finished-at="2021-06-30T13:26:29 IST" duration-ms="1" status="PASS">
          <reporter-output>
          </reporter-output>
        </test-method> <!-- beforeClass -->
        <test-method signature="Admin()[pri:0, instance:pages.Admintestcase@4b0d79fc]" started-at="2021-06-30T13:26:29 IST" name="Admin" finished-at="2021-06-30T13:26:32 IST" duration-ms="3568" status="PASS">
          <reporter-output>
          </reporter-output>
        </test-method> <!-- Admin -->
        <test-method is-config="true" signature="beforeMethod(java.lang.reflect.Method)[pri:0, instance:pages.Admintestcase@4b0d79fc]" started-at="2021-06-30T13:26:29 IST" name="beforeMethod" finished-at="2021-06-30T13:26:29 IST" duration-ms="0" status="PASS">
          <params>
            <param index="0">
              <value>
                <![CDATA[public static void pages.Admintestcase.Admin() throws java.lang.InterruptedException]]>
              </value>
            </param>
          </params>
          <reporter-output>
          </reporter-output>
        </test-method> <!-- beforeMethod -->
        <test-method is-config="true" signature="afterMethod(org.testng.ITestResult)[pri:0, instance:pages.Admintestcase@4b0d79fc]" started-at="2021-06-30T13:26:32 IST" name="afterMethod" finished-at="2021-06-30T13:26:33 IST" duration-ms="239" status="PASS">
          <params>
            <param index="0">
              <value>
                <![CDATA[[TestResult name=Admin status=SUCCESS method=Admintestcase.Admin()[pri:0, instance:pages.Admintestcase@4b0d79fc] output={null}]]]>
              </value>
            </param>
          </params>
          <reporter-output>
          </reporter-output>
        </test-method> <!-- afterMethod -->
      </class> <!-- pages.Admintestcase -->
      <class name="pages.Organisation_locationtestcase">
        <test-method is-config="true" signature="beforeMethod(java.lang.reflect.Method)[pri:0, instance:pages.Organisation_locationtestcase@48aca48b]" started-at="2021-06-30T13:27:28 IST" name="beforeMethod" finished-at="2021-06-30T13:27:28 IST" duration-ms="0" status="PASS">
          <params>
            <param index="0">
              <value>
                <![CDATA[public static void pages.Organisation_locationtestcase.Login() throws java.lang.InterruptedException]]>
              </value>
            </param>
          </params>
          <reporter-output>
          </reporter-output>
        </test-method> <!-- beforeMethod -->
        <test-method is-config="true" signature="beforeClass()[pri:0, instance:pages.Organisation_locationtestcase@48aca48b]" started-at="2021-06-30T13:27:28 IST" name="beforeClass" finished-at="2021-06-30T13:27:28 IST" duration-ms="0" status="PASS">
          <reporter-output>
          </reporter-output>
        </test-method> <!-- beforeClass -->
        <test-method signature="Login()[pri:0, instance:pages.Organisation_locationtestcase@48aca48b]" started-at="2021-06-30T13:27:28 IST" name="Login" finished-at="2021-06-30T13:27:48 IST" duration-ms="19160" status="PASS">
          <reporter-output>
          </reporter-output>
        </test-method> <!-- Login -->
        <test-method is-config="true" signature="afterMethod(org.testng.ITestResult)[pri:0, instance:pages.Organisation_locationtestcase@48aca48b]" started-at="2021-06-30T13:27:48 IST" name="afterMethod" finished-at="2021-06-30T13:27:48 IST" duration-ms="199" status="PASS">
          <params>
            <param index="0">
              <value>
                <![CDATA[[TestResult name=Login status=SUCCESS method=Organisation_locationtestcase.Login()[pri:0, instance:pages.Organisation_locationtestcase@48aca48b] output={null}]]]>
              </value>
            </param>
          </params>
          <reporter-output>
          </reporter-output>
        </test-method> <!-- afterMethod -->
      </class> <!-- pages.Organisation_locationtestcase -->
    </test> <!-- Test -->
  </suite> <!-- Suite -->
</testng-results>
